[2017-05-08 10:45:43] production.ERROR: RuntimeException: The only supported ciphers are AES-128-CBC and AES-256-CBC with the correct key lengths. in C:\tasks\tasks\vendor\laravel\framework\src\Illuminate\Encryption\Encrypter.php:43
Stack trace:
#0 C:\tasks\tasks\vendor\laravel\framework\src\Illuminate\Encryption\EncryptionServiceProvider.php(27): Illuminate\Encryption\Encrypter->__construct('', 'AES-256-CBC')
#1 C:\tasks\tasks\vendor\laravel\framework\src\Illuminate\Container\Container.php(716): Illuminate\Encryption\EncryptionServiceProvider->Illuminate\Encryption\{closure}(Object(Illuminate\Foundation\Application), Array)
#2 C:\tasks\tasks\vendor\laravel\framework\src\Illuminate\Container\Container.php(598): Illuminate\Container\Container->build(Object(Closure))
#3 C:\tasks\tasks\vendor\laravel\framework\src\Illuminate\Container\Container.php(567): Illuminate\Container\Container->resolve('encrypter')
#4 C:\tasks\tasks\vendor\laravel\framework\src\Illuminate\Foundation\Application.php(708): Illuminate\Container\Container->make('encrypter')
#5 C:\tasks\tasks\vendor\laravel\framework\src\Illuminate\Container\Container.php(840): Illuminate\Foundation\Application->make('encrypter')
#6 C:\tasks\tasks\vendor\laravel\framework\src\Illuminate\Container\Container.php(780): Illuminate\Container\Container->resolveClass(Object(ReflectionParameter))
#7 C:\tasks\tasks\vendor\laravel\framework\src\Illuminate\Container\Container.php(746): Illuminate\Container\Container->resolveDependencies(Array)
#8 C:\tasks\tasks\vendor\laravel\framework\src\Illuminate\Container\Container.php(598): Illuminate\Container\Container->build('App\\Http\\Middle...')
#9 C:\tasks\tasks\vendor\laravel\framework\src\Illuminate\Container\Container.php(567): Illuminate\Container\Container->resolve('App\\Http\\Middle...')
#10 C:\tasks\tasks\vendor\laravel\framework\src\Illuminate\Foundation\Application.php(708): Illuminate\Container\Container->make('App\\Http\\Middle...')
#11 C:\tasks\tasks\vendor\laravel\framework\src\Illuminate\Pipeline\Pipeline.php(138): Illuminate\Foundation\Application->make('App\\Http\\Middle...')
#12 C:\tasks\tasks\vendor\laravel\framework\src\Illuminate\Routing\Pipeline.php(53): Illuminate\Pipeline\Pipeline->Illuminate\Pipeline\{closure}(Object(Illuminate\Http\Request))
#13 C:\tasks\tasks\vendor\laravel\framework\src\Illuminate\Pipeline\Pipeline.php(102): Illuminate\Routing\Pipeline->Illuminate\Routing\{closure}(Object(Illuminate\Http\Request))
#14 C:\tasks\tasks\vendor\laravel\framework\src\Illuminate\Routing\Router.php(561): Illuminate\Pipeline\Pipeline->then(Object(Closure))
#15 C:\tasks\tasks\vendor\laravel\framework\src\Illuminate\Routing\Router.php(520): Illuminate\Routing\Router->runRouteWithinStack(Object(Illuminate\Routing\Route), Object(Illuminate\Http\Request))
#16 C:\tasks\tasks\vendor\laravel\framework\src\Illuminate\Routing\Router.php(498): Illuminate\Routing\Router->dispatchToRoute(Object(Illuminate\Http\Request))
#17 C:\tasks\tasks\vendor\laravel\framework\src\Illuminate\Foundation\Http\Kernel.php(174): Illuminate\Routing\Router->dispatch(Object(Illuminate\Http\Request))
#18 C:\tasks\tasks\vendor\laravel\framework\src\Illuminate\Routing\Pipeline.php(30): Illuminate\Foundation\Http\Kernel->Illuminate\Foundation\Http\{closure}(Object(Illuminate\Http\Request))
#19 C:\tasks\tasks\vendor\laravel\framework\src\Illuminate\Foundation\Http\Middleware\TransformsRequest.php(30): Illuminate\Routing\Pipeline->Illuminate\Routing\{closure}(Object(Illuminate\Http\Request))
#20 C:\tasks\tasks\vendor\laravel\framework\src\Illuminate\Pipeline\Pipeline.php(148): Illuminate\Foundation\Http\Middleware\TransformsRequest->handle(Object(Illuminate\Http\Request), Object(Closure))
#21 C:\tasks\tasks\vendor\laravel\framework\src\Illuminate\Routing\Pipeline.php(53): Illuminate\Pipeline\Pipeline->Illuminate\Pipeline\{closure}(Object(Illuminate\Http\Request))
#22 C:\tasks\tasks\vendor\laravel\framework\src\Illuminate\Foundation\Http\Middleware\TransformsRequest.php(30): Illuminate\Routing\Pipeline->Illuminate\Routing\{closure}(Object(Illuminate\Http\Request))
#23 C:\tasks\tasks\vendor\laravel\framework\src\Illuminate\Pipeline\Pipeline.php(148): Illuminate\Foundation\Http\Middleware\TransformsRequest->handle(Object(Illuminate\Http\Request), Object(Closure))
#24 C:\tasks\tasks\vendor\laravel\framework\src\Illuminate\Routing\Pipeline.php(53): Illuminate\Pipeline\Pipeline->Illuminate\Pipeline\{closure}(Object(Illuminate\Http\Request))
#25 C:\tasks\tasks\vendor\laravel\framework\src\Illuminate\Foundation\Http\Middleware\ValidatePostSize.php(27): Illuminate\Routing\Pipeline->Illuminate\Routing\{closure}(Object(Illuminate\Http\Request))
#26 C:\tasks\tasks\vendor\laravel\framework\src\Illuminate\Pipeline\Pipeline.php(148): Illuminate\Foundation\Http\Middleware\ValidatePostSize->handle(Object(Illuminate\Http\Request), Object(Closure))
#27 C:\tasks\tasks\vendor\laravel\framework\src\Illuminate\Routing\Pipeline.php(53): Illuminate\Pipeline\Pipeline->Illuminate\Pipeline\{closure}(Object(Illuminate\Http\Request))
#28 C:\tasks\tasks\vendor\laravel\framework\src\Illuminate\Foundation\Http\Middleware\CheckForMaintenanceMode.php(46): Illuminate\Routing\Pipeline->Illuminate\Routing\{closure}(Object(Illuminate\Http\Request))
#29 C:\tasks\tasks\vendor\laravel\framework\src\Illuminate\Pipeline\Pipeline.php(148): Illuminate\Foundation\Http\Middleware\CheckForMaintenanceMode->handle(Object(Illuminate\Http\Request), Object(Closure))
#30 C:\tasks\tasks\vendor\laravel\framework\src\Illuminate\Routing\Pipeline.php(53): Illuminate\Pipeline\Pipeline->Illuminate\Pipeline\{closure}(Object(Illuminate\Http\Request))
#31 C:\tasks\tasks\vendor\laravel\framework\src\Illuminate\Pipeline\Pipeline.php(102): Illuminate\Routing\Pipeline->Illuminate\Routing\{closure}(Object(Illuminate\Http\Request))
#32 C:\tasks\tasks\vendor\laravel\framework\src\Illuminate\Foundation\Http\Kernel.php(149): Illuminate\Pipeline\Pipeline->then(Object(Closure))
#33 C:\tasks\tasks\vendor\laravel\framework\src\Illuminate\Foundation\Http\Kernel.php(116): Illuminate\Foundation\Http\Kernel->sendRequestThroughRouter(Object(Illuminate\Http\Request))
#34 C:\tasks\tasks\public\index.php(53): Illuminate\Foundation\Http\Kernel->handle(Object(Illuminate\Http\Request))
#35 C:\tasks\tasks\server.php(21): require_once('C:\\tasks\\tasks\\...')
#36 {main}  
[2017-05-08 10:45:43] production.ERROR: RuntimeException: The only supported ciphers are AES-128-CBC and AES-256-CBC with the correct key lengths. in C:\tasks\tasks\vendor\laravel\framework\src\Illuminate\Encryption\Encrypter.php:43
Stack trace:
#0 C:\tasks\tasks\vendor\laravel\framework\src\Illuminate\Encryption\EncryptionServiceProvider.php(27): Illuminate\Encryption\Encrypter->__construct('', 'AES-256-CBC')
#1 C:\tasks\tasks\vendor\laravel\framework\src\Illuminate\Container\Container.php(716): Illuminate\Encryption\EncryptionServiceProvider->Illuminate\Encryption\{closure}(Object(Illuminate\Foundation\Application), Array)
#2 C:\tasks\tasks\vendor\laravel\framework\src\Illuminate\Container\Container.php(598): Illuminate\Container\Container->build(Object(Closure))
#3 C:\tasks\tasks\vendor\laravel\framework\src\Illuminate\Container\Container.php(567): Illuminate\Container\Container->resolve('encrypter')
#4 C:\tasks\tasks\vendor\laravel\framework\src\Illuminate\Foundation\Application.php(708): Illuminate\Container\Container->make('encrypter')
#5 C:\tasks\tasks\vendor\laravel\framework\src\Illuminate\Container\Container.php(840): Illuminate\Foundation\Application->make('encrypter')
#6 C:\tasks\tasks\vendor\laravel\framework\src\Illuminate\Container\Container.php(780): Illuminate\Container\Container->resolveClass(Object(ReflectionParameter))
#7 C:\tasks\tasks\vendor\laravel\framework\src\Illuminate\Container\Container.php(746): Illuminate\Container\Container->resolveDependencies(Array)
#8 C:\tasks\tasks\vendor\laravel\framework\src\Illuminate\Container\Container.php(598): Illuminate\Container\Container->build('App\\Http\\Middle...')
#9 C:\tasks\tasks\vendor\laravel\framework\src\Illuminate\Container\Container.php(567): Illuminate\Container\Container->resolve('App\\Http\\Middle...')
#10 C:\tasks\tasks\vendor\laravel\framework\src\Illuminate\Foundation\Application.php(708): Illuminate\Container\Container->make('App\\Http\\Middle...')
#11 C:\tasks\tasks\vendor\laravel\framework\src\Illuminate\Foundation\Http\Kernel.php(213): Illuminate\Foundation\Application->make('App\\Http\\Middle...')
#12 C:\tasks\tasks\vendor\laravel\framework\src\Illuminate\Foundation\Http\Kernel.php(187): Illuminate\Foundation\Http\Kernel->terminateMiddleware(Object(Illuminate\Http\Request), Object(Illuminate\Http\Response))
#13 C:\tasks\tasks\public\index.php(58): Illuminate\Foundation\Http\Kernel->terminate(Object(Illuminate\Http\Request), Object(Illuminate\Http\Response))
#14 C:\tasks\tasks\server.php(21): require_once('C:\\tasks\\tasks\\...')
#15 {main}  
[2017-05-08 10:45:45] production.ERROR: RuntimeException: The only supported ciphers are AES-128-CBC and AES-256-CBC with the correct key lengths. in C:\tasks\tasks\vendor\laravel\framework\src\Illuminate\Encryption\Encrypter.php:43
Stack trace:
#0 C:\tasks\tasks\vendor\laravel\framework\src\Illuminate\Encryption\EncryptionServiceProvider.php(27): Illuminate\Encryption\Encrypter->__construct('', 'AES-256-CBC')
#1 C:\tasks\tasks\vendor\laravel\framework\src\Illuminate\Container\Container.php(716): Illuminate\Encryption\EncryptionServiceProvider->Illuminate\Encryption\{closure}(Object(Illuminate\Foundation\Application), Array)
#2 C:\tasks\tasks\vendor\laravel\framework\src\Illuminate\Container\Container.php(598): Illuminate\Container\Container->build(Object(Closure))
#3 C:\tasks\tasks\vendor\laravel\framework\src\Illuminate\Container\Container.php(567): Illuminate\Container\Container->resolve('encrypter')
#4 C:\tasks\tasks\vendor\laravel\framework\src\Illuminate\Foundation\Application.php(708): Illuminate\Container\Container->make('encrypter')
#5 C:\tasks\tasks\vendor\laravel\framework\src\Illuminate\Container\Container.php(840): Illuminate\Foundation\Application->make('encrypter')
#6 C:\tasks\tasks\vendor\laravel\framework\src\Illuminate\Container\Container.php(780): Illuminate\Container\Container->resolveClass(Object(ReflectionParameter))
#7 C:\tasks\tasks\vendor\laravel\framework\src\Illuminate\Container\Container.php(746): Illuminate\Container\Container->resolveDependencies(Array)
#8 C:\tasks\tasks\vendor\laravel\framework\src\Illuminate\Container\Container.php(598): Illuminate\Container\Container->build('App\\Http\\Middle...')
#9 C:\tasks\tasks\vendor\laravel\framework\src\Illuminate\Container\Container.php(567): Illuminate\Container\Container->resolve('App\\Http\\Middle...')
#10 C:\tasks\tasks\vendor\laravel\framework\src\Illuminate\Foundation\Application.php(708): Illuminate\Container\Container->make('App\\Http\\Middle...')
#11 C:\tasks\tasks\vendor\laravel\framework\src\Illuminate\Pipeline\Pipeline.php(138): Illuminate\Foundation\Application->make('App\\Http\\Middle...')
#12 C:\tasks\tasks\vendor\laravel\framework\src\Illuminate\Routing\Pipeline.php(53): Illuminate\Pipeline\Pipeline->Illuminate\Pipeline\{closure}(Object(Illuminate\Http\Request))
#13 C:\tasks\tasks\vendor\laravel\framework\src\Illuminate\Pipeline\Pipeline.php(102): Illuminate\Routing\Pipeline->Illuminate\Routing\{closure}(Object(Illuminate\Http\Request))
#14 C:\tasks\tasks\vendor\laravel\framework\src\Illuminate\Routing\Router.php(561): Illuminate\Pipeline\Pipeline->then(Object(Closure))
#15 C:\tasks\tasks\vendor\laravel\framework\src\Illuminate\Routing\Router.php(520): Illuminate\Routing\Router->runRouteWithinStack(Object(Illuminate\Routing\Route), Object(Illuminate\Http\Request))
#16 C:\tasks\tasks\vendor\laravel\framework\src\Illuminate\Routing\Router.php(498): Illuminate\Routing\Router->dispatchToRoute(Object(Illuminate\Http\Request))
#17 C:\tasks\tasks\vendor\laravel\framework\src\Illuminate\Foundation\Http\Kernel.php(174): Illuminate\Routing\Router->dispatch(Object(Illuminate\Http\Request))
#18 C:\tasks\tasks\vendor\laravel\framework\src\Illuminate\Routing\Pipeline.php(30): Illuminate\Foundation\Http\Kernel->Illuminate\Foundation\Http\{closure}(Object(Illuminate\Http\Request))
#19 C:\tasks\tasks\vendor\laravel\framework\src\Illuminate\Foundation\Http\Middleware\TransformsRequest.php(30): Illuminate\Routing\Pipeline->Illuminate\Routing\{closure}(Object(Illuminate\Http\Request))
#20 C:\tasks\tasks\vendor\laravel\framework\src\Illuminate\Pipeline\Pipeline.php(148): Illuminate\Foundation\Http\Middleware\TransformsRequest->handle(Object(Illuminate\Http\Request), Object(Closure))
#21 C:\tasks\tasks\vendor\laravel\framework\src\Illuminate\Routing\Pipeline.php(53): Illuminate\Pipeline\Pipeline->Illuminate\Pipeline\{closure}(Object(Illuminate\Http\Request))
#22 C:\tasks\tasks\vendor\laravel\framework\src\Illuminate\Foundation\Http\Middleware\TransformsRequest.php(30): Illuminate\Routing\Pipeline->Illuminate\Routing\{closure}(Object(Illuminate\Http\Request))
#23 C:\tasks\tasks\vendor\laravel\framework\src\Illuminate\Pipeline\Pipeline.php(148): Illuminate\Foundation\Http\Middleware\TransformsRequest->handle(Object(Illuminate\Http\Request), Object(Closure))
#24 C:\tasks\tasks\vendor\laravel\framework\src\Illuminate\Routing\Pipeline.php(53): Illuminate\Pipeline\Pipeline->Illuminate\Pipeline\{closure}(Object(Illuminate\Http\Request))
#25 C:\tasks\tasks\vendor\laravel\framework\src\Illuminate\Foundation\Http\Middleware\ValidatePostSize.php(27): Illuminate\Routing\Pipeline->Illuminate\Routing\{closure}(Object(Illuminate\Http\Request))
#26 C:\tasks\tasks\vendor\laravel\framework\src\Illuminate\Pipeline\Pipeline.php(148): Illuminate\Foundation\Http\Middleware\ValidatePostSize->handle(Object(Illuminate\Http\Request), Object(Closure))
#27 C:\tasks\tasks\vendor\laravel\framework\src\Illuminate\Routing\Pipeline.php(53): Illuminate\Pipeline\Pipeline->Illuminate\Pipeline\{closure}(Object(Illuminate\Http\Request))
#28 C:\tasks\tasks\vendor\laravel\framework\src\Illuminate\Foundation\Http\Middleware\CheckForMaintenanceMode.php(46): Illuminate\Routing\Pipeline->Illuminate\Routing\{closure}(Object(Illuminate\Http\Request))
#29 C:\tasks\tasks\vendor\laravel\framework\src\Illuminate\Pipeline\Pipeline.php(148): Illuminate\Foundation\Http\Middleware\CheckForMaintenanceMode->handle(Object(Illuminate\Http\Request), Object(Closure))
#30 C:\tasks\tasks\vendor\laravel\framework\src\Illuminate\Routing\Pipeline.php(53): Illuminate\Pipeline\Pipeline->Illuminate\Pipeline\{closure}(Object(Illuminate\Http\Request))
#31 C:\tasks\tasks\vendor\laravel\framework\src\Illuminate\Pipeline\Pipeline.php(102): Illuminate\Routing\Pipeline->Illuminate\Routing\{closure}(Object(Illuminate\Http\Request))
#32 C:\tasks\tasks\vendor\laravel\framework\src\Illuminate\Foundation\Http\Kernel.php(149): Illuminate\Pipeline\Pipeline->then(Object(Closure))
#33 C:\tasks\tasks\vendor\laravel\framework\src\Illuminate\Foundation\Http\Kernel.php(116): Illuminate\Foundation\Http\Kernel->sendRequestThroughRouter(Object(Illuminate\Http\Request))
#34 C:\tasks\tasks\public\index.php(53): Illuminate\Foundation\Http\Kernel->handle(Object(Illuminate\Http\Request))
#35 C:\tasks\tasks\server.php(21): require_once('C:\\tasks\\tasks\\...')
#36 {main}  
[2017-05-08 10:45:45] production.ERROR: RuntimeException: The only supported ciphers are AES-128-CBC and AES-256-CBC with the correct key lengths. in C:\tasks\tasks\vendor\laravel\framework\src\Illuminate\Encryption\Encrypter.php:43
Stack trace:
#0 C:\tasks\tasks\vendor\laravel\framework\src\Illuminate\Encryption\EncryptionServiceProvider.php(27): Illuminate\Encryption\Encrypter->__construct('', 'AES-256-CBC')
#1 C:\tasks\tasks\vendor\laravel\framework\src\Illuminate\Container\Container.php(716): Illuminate\Encryption\EncryptionServiceProvider->Illuminate\Encryption\{closure}(Object(Illuminate\Foundation\Application), Array)
#2 C:\tasks\tasks\vendor\laravel\framework\src\Illuminate\Container\Container.php(598): Illuminate\Container\Container->build(Object(Closure))
#3 C:\tasks\tasks\vendor\laravel\framework\src\Illuminate\Container\Container.php(567): Illuminate\Container\Container->resolve('encrypter')
#4 C:\tasks\tasks\vendor\laravel\framework\src\Illuminate\Foundation\Application.php(708): Illuminate\Container\Container->make('encrypter')
#5 C:\tasks\tasks\vendor\laravel\framework\src\Illuminate\Container\Container.php(840): Illuminate\Foundation\Application->make('encrypter')
#6 C:\tasks\tasks\vendor\laravel\framework\src\Illuminate\Container\Container.php(780): Illuminate\Container\Container->resolveClass(Object(ReflectionParameter))
#7 C:\tasks\tasks\vendor\laravel\framework\src\Illuminate\Container\Container.php(746): Illuminate\Container\Container->resolveDependencies(Array)
#8 C:\tasks\tasks\vendor\laravel\framework\src\Illuminate\Container\Container.php(598): Illuminate\Container\Container->build('App\\Http\\Middle...')
#9 C:\tasks\tasks\vendor\laravel\framework\src\Illuminate\Container\Container.php(567): Illuminate\Container\Container->resolve('App\\Http\\Middle...')
#10 C:\tasks\tasks\vendor\laravel\framework\src\Illuminate\Foundation\Application.php(708): Illuminate\Container\Container->make('App\\Http\\Middle...')
#11 C:\tasks\tasks\vendor\laravel\framework\src\Illuminate\Foundation\Http\Kernel.php(213): Illuminate\Foundation\Application->make('App\\Http\\Middle...')
#12 C:\tasks\tasks\vendor\laravel\framework\src\Illuminate\Foundation\Http\Kernel.php(187): Illuminate\Foundation\Http\Kernel->terminateMiddleware(Object(Illuminate\Http\Request), Object(Illuminate\Http\Response))
#13 C:\tasks\tasks\public\index.php(58): Illuminate\Foundation\Http\Kernel->terminate(Object(Illuminate\Http\Request), Object(Illuminate\Http\Response))
#14 C:\tasks\tasks\server.php(21): require_once('C:\\tasks\\tasks\\...')
#15 {main}  
[2017-05-08 10:45:49] production.ERROR: RuntimeException: The only supported ciphers are AES-128-CBC and AES-256-CBC with the correct key lengths. in C:\tasks\tasks\vendor\laravel\framework\src\Illuminate\Encryption\Encrypter.php:43
Stack trace:
#0 C:\tasks\tasks\vendor\laravel\framework\src\Illuminate\Encryption\EncryptionServiceProvider.php(27): Illuminate\Encryption\Encrypter->__construct('', 'AES-256-CBC')
#1 C:\tasks\tasks\vendor\laravel\framework\src\Illuminate\Container\Container.php(716): Illuminate\Encryption\EncryptionServiceProvider->Illuminate\Encryption\{closure}(Object(Illuminate\Foundation\Application), Array)
#2 C:\tasks\tasks\vendor\laravel\framework\src\Illuminate\Container\Container.php(598): Illuminate\Container\Container->build(Object(Closure))
#3 C:\tasks\tasks\vendor\laravel\framework\src\Illuminate\Container\Container.php(567): Illuminate\Container\Container->resolve('encrypter')
#4 C:\tasks\tasks\vendor\laravel\framework\src\Illuminate\Foundation\Application.php(708): Illuminate\Container\Container->make('encrypter')
#5 C:\tasks\tasks\vendor\laravel\framework\src\Illuminate\Container\Container.php(840): Illuminate\Foundation\Application->make('encrypter')
#6 C:\tasks\tasks\vendor\laravel\framework\src\Illuminate\Container\Container.php(780): Illuminate\Container\Container->resolveClass(Object(ReflectionParameter))
#7 C:\tasks\tasks\vendor\laravel\framework\src\Illuminate\Container\Container.php(746): Illuminate\Container\Container->resolveDependencies(Array)
#8 C:\tasks\tasks\vendor\laravel\framework\src\Illuminate\Container\Container.php(598): Illuminate\Container\Container->build('App\\Http\\Middle...')
#9 C:\tasks\tasks\vendor\laravel\framework\src\Illuminate\Container\Container.php(567): Illuminate\Container\Container->resolve('App\\Http\\Middle...')
#10 C:\tasks\tasks\vendor\laravel\framework\src\Illuminate\Foundation\Application.php(708): Illuminate\Container\Container->make('App\\Http\\Middle...')
#11 C:\tasks\tasks\vendor\laravel\framework\src\Illuminate\Pipeline\Pipeline.php(138): Illuminate\Foundation\Application->make('App\\Http\\Middle...')
#12 C:\tasks\tasks\vendor\laravel\framework\src\Illuminate\Routing\Pipeline.php(53): Illuminate\Pipeline\Pipeline->Illuminate\Pipeline\{closure}(Object(Illuminate\Http\Request))
#13 C:\tasks\tasks\vendor\laravel\framework\src\Illuminate\Pipeline\Pipeline.php(102): Illuminate\Routing\Pipeline->Illuminate\Routing\{closure}(Object(Illuminate\Http\Request))
#14 C:\tasks\tasks\vendor\laravel\framework\src\Illuminate\Routing\Router.php(561): Illuminate\Pipeline\Pipeline->then(Object(Closure))
#15 C:\tasks\tasks\vendor\laravel\framework\src\Illuminate\Routing\Router.php(520): Illuminate\Routing\Router->runRouteWithinStack(Object(Illuminate\Routing\Route), Object(Illuminate\Http\Request))
#16 C:\tasks\tasks\vendor\laravel\framework\src\Illuminate\Routing\Router.php(498): Illuminate\Routing\Router->dispatchToRoute(Object(Illuminate\Http\Request))
#17 C:\tasks\tasks\vendor\laravel\framework\src\Illuminate\Foundation\Http\Kernel.php(174): Illuminate\Routing\Router->dispatch(Object(Illuminate\Http\Request))
#18 C:\tasks\tasks\vendor\laravel\framework\src\Illuminate\Routing\Pipeline.php(30): Illuminate\Foundation\Http\Kernel->Illuminate\Foundation\Http\{closure}(Object(Illuminate\Http\Request))
#19 C:\tasks\tasks\vendor\laravel\framework\src\Illuminate\Foundation\Http\Middleware\TransformsRequest.php(30): Illuminate\Routing\Pipeline->Illuminate\Routing\{closure}(Object(Illuminate\Http\Request))
#20 C:\tasks\tasks\vendor\laravel\framework\src\Illuminate\Pipeline\Pipeline.php(148): Illuminate\Foundation\Http\Middleware\TransformsRequest->handle(Object(Illuminate\Http\Request), Object(Closure))
#21 C:\tasks\tasks\vendor\laravel\framework\src\Illuminate\Routing\Pipeline.php(53): Illuminate\Pipeline\Pipeline->Illuminate\Pipeline\{closure}(Object(Illuminate\Http\Request))
#22 C:\tasks\tasks\vendor\laravel\framework\src\Illuminate\Foundation\Http\Middleware\TransformsRequest.php(30): Illuminate\Routing\Pipeline->Illuminate\Routing\{closure}(Object(Illuminate\Http\Request))
#23 C:\tasks\tasks\vendor\laravel\framework\src\Illuminate\Pipeline\Pipeline.php(148): Illuminate\Foundation\Http\Middleware\TransformsRequest->handle(Object(Illuminate\Http\Request), Object(Closure))
#24 C:\tasks\tasks\vendor\laravel\framework\src\Illuminate\Routing\Pipeline.php(53): Illuminate\Pipeline\Pipeline->Illuminate\Pipeline\{closure}(Object(Illuminate\Http\Request))
#25 C:\tasks\tasks\vendor\laravel\framework\src\Illuminate\Foundation\Http\Middleware\ValidatePostSize.php(27): Illuminate\Routing\Pipeline->Illuminate\Routing\{closure}(Object(Illuminate\Http\Request))
#26 C:\tasks\tasks\vendor\laravel\framework\src\Illuminate\Pipeline\Pipeline.php(148): Illuminate\Foundation\Http\Middleware\ValidatePostSize->handle(Object(Illuminate\Http\Request), Object(Closure))
#27 C:\tasks\tasks\vendor\laravel\framework\src\Illuminate\Routing\Pipeline.php(53): Illuminate\Pipeline\Pipeline->Illuminate\Pipeline\{closure}(Object(Illuminate\Http\Request))
#28 C:\tasks\tasks\vendor\laravel\framework\src\Illuminate\Foundation\Http\Middleware\CheckForMaintenanceMode.php(46): Illuminate\Routing\Pipeline->Illuminate\Routing\{closure}(Object(Illuminate\Http\Request))
#29 C:\tasks\tasks\vendor\laravel\framework\src\Illuminate\Pipeline\Pipeline.php(148): Illuminate\Foundation\Http\Middleware\CheckForMaintenanceMode->handle(Object(Illuminate\Http\Request), Object(Closure))
#30 C:\tasks\tasks\vendor\laravel\framework\src\Illuminate\Routing\Pipeline.php(53): Illuminate\Pipeline\Pipeline->Illuminate\Pipeline\{closure}(Object(Illuminate\Http\Request))
#31 C:\tasks\tasks\vendor\laravel\framework\src\Illuminate\Pipeline\Pipeline.php(102): Illuminate\Routing\Pipeline->Illuminate\Routing\{closure}(Object(Illuminate\Http\Request))
#32 C:\tasks\tasks\vendor\laravel\framework\src\Illuminate\Foundation\Http\Kernel.php(149): Illuminate\Pipeline\Pipeline->then(Object(Closure))
#33 C:\tasks\tasks\vendor\laravel\framework\src\Illuminate\Foundation\Http\Kernel.php(116): Illuminate\Foundation\Http\Kernel->sendRequestThroughRouter(Object(Illuminate\Http\Request))
#34 C:\tasks\tasks\public\index.php(53): Illuminate\Foundation\Http\Kernel->handle(Object(Illuminate\Http\Request))
#35 C:\tasks\tasks\server.php(21): require_once('C:\\tasks\\tasks\\...')
#36 {main}  
[2017-05-08 10:45:49] production.ERROR: RuntimeException: The only supported ciphers are AES-128-CBC and AES-256-CBC with the correct key lengths. in C:\tasks\tasks\vendor\laravel\framework\src\Illuminate\Encryption\Encrypter.php:43
Stack trace:
#0 C:\tasks\tasks\vendor\laravel\framework\src\Illuminate\Encryption\EncryptionServiceProvider.php(27): Illuminate\Encryption\Encrypter->__construct('', 'AES-256-CBC')
#1 C:\tasks\tasks\vendor\laravel\framework\src\Illuminate\Container\Container.php(716): Illuminate\Encryption\EncryptionServiceProvider->Illuminate\Encryption\{closure}(Object(Illuminate\Foundation\Application), Array)
#2 C:\tasks\tasks\vendor\laravel\framework\src\Illuminate\Container\Container.php(598): Illuminate\Container\Container->build(Object(Closure))
#3 C:\tasks\tasks\vendor\laravel\framework\src\Illuminate\Container\Container.php(567): Illuminate\Container\Container->resolve('encrypter')
#4 C:\tasks\tasks\vendor\laravel\framework\src\Illuminate\Foundation\Application.php(708): Illuminate\Container\Container->make('encrypter')
#5 C:\tasks\tasks\vendor\laravel\framework\src\Illuminate\Container\Container.php(840): Illuminate\Foundation\Application->make('encrypter')
#6 C:\tasks\tasks\vendor\laravel\framework\src\Illuminate\Container\Container.php(780): Illuminate\Container\Container->resolveClass(Object(ReflectionParameter))
#7 C:\tasks\tasks\vendor\laravel\framework\src\Illuminate\Container\Container.php(746): Illuminate\Container\Container->resolveDependencies(Array)
#8 C:\tasks\tasks\vendor\laravel\framework\src\Illuminate\Container\Container.php(598): Illuminate\Container\Container->build('App\\Http\\Middle...')
#9 C:\tasks\tasks\vendor\laravel\framework\src\Illuminate\Container\Container.php(567): Illuminate\Container\Container->resolve('App\\Http\\Middle...')
#10 C:\tasks\tasks\vendor\laravel\framework\src\Illuminate\Foundation\Application.php(708): Illuminate\Container\Container->make('App\\Http\\Middle...')
#11 C:\tasks\tasks\vendor\laravel\framework\src\Illuminate\Foundation\Http\Kernel.php(213): Illuminate\Foundation\Application->make('App\\Http\\Middle...')
#12 C:\tasks\tasks\vendor\laravel\framework\src\Illuminate\Foundation\Http\Kernel.php(187): Illuminate\Foundation\Http\Kernel->terminateMiddleware(Object(Illuminate\Http\Request), Object(Illuminate\Http\Response))
#13 C:\tasks\tasks\public\index.php(58): Illuminate\Foundation\Http\Kernel->terminate(Object(Illuminate\Http\Request), Object(Illuminate\Http\Response))
#14 C:\tasks\tasks\server.php(21): require_once('C:\\tasks\\tasks\\...')
#15 {main}  
[2017-05-08 10:45:50] production.ERROR: RuntimeException: The only supported ciphers are AES-128-CBC and AES-256-CBC with the correct key lengths. in C:\tasks\tasks\vendor\laravel\framework\src\Illuminate\Encryption\Encrypter.php:43
Stack trace:
#0 C:\tasks\tasks\vendor\laravel\framework\src\Illuminate\Encryption\EncryptionServiceProvider.php(27): Illuminate\Encryption\Encrypter->__construct('', 'AES-256-CBC')
#1 C:\tasks\tasks\vendor\laravel\framework\src\Illuminate\Container\Container.php(716): Illuminate\Encryption\EncryptionServiceProvider->Illuminate\Encryption\{closure}(Object(Illuminate\Foundation\Application), Array)
#2 C:\tasks\tasks\vendor\laravel\framework\src\Illuminate\Container\Container.php(598): Illuminate\Container\Container->build(Object(Closure))
#3 C:\tasks\tasks\vendor\laravel\framework\src\Illuminate\Container\Container.php(567): Illuminate\Container\Container->resolve('encrypter')
#4 C:\tasks\tasks\vendor\laravel\framework\src\Illuminate\Foundation\Application.php(708): Illuminate\Container\Container->make('encrypter')
#5 C:\tasks\tasks\vendor\laravel\framework\src\Illuminate\Container\Container.php(840): Illuminate\Foundation\Application->make('encrypter')
#6 C:\tasks\tasks\vendor\laravel\framework\src\Illuminate\Container\Container.php(780): Illuminate\Container\Container->resolveClass(Object(ReflectionParameter))
#7 C:\tasks\tasks\vendor\laravel\framework\src\Illuminate\Container\Container.php(746): Illuminate\Container\Container->resolveDependencies(Array)
#8 C:\tasks\tasks\vendor\laravel\framework\src\Illuminate\Container\Container.php(598): Illuminate\Container\Container->build('App\\Http\\Middle...')
#9 C:\tasks\tasks\vendor\laravel\framework\src\Illuminate\Container\Container.php(567): Illuminate\Container\Container->resolve('App\\Http\\Middle...')
#10 C:\tasks\tasks\vendor\laravel\framework\src\Illuminate\Foundation\Application.php(708): Illuminate\Container\Container->make('App\\Http\\Middle...')
#11 C:\tasks\tasks\vendor\laravel\framework\src\Illuminate\Pipeline\Pipeline.php(138): Illuminate\Foundation\Application->make('App\\Http\\Middle...')
#12 C:\tasks\tasks\vendor\laravel\framework\src\Illuminate\Routing\Pipeline.php(53): Illuminate\Pipeline\Pipeline->Illuminate\Pipeline\{closure}(Object(Illuminate\Http\Request))
#13 C:\tasks\tasks\vendor\laravel\framework\src\Illuminate\Pipeline\Pipeline.php(102): Illuminate\Routing\Pipeline->Illuminate\Routing\{closure}(Object(Illuminate\Http\Request))
#14 C:\tasks\tasks\vendor\laravel\framework\src\Illuminate\Routing\Router.php(561): Illuminate\Pipeline\Pipeline->then(Object(Closure))
#15 C:\tasks\tasks\vendor\laravel\framework\src\Illuminate\Routing\Router.php(520): Illuminate\Routing\Router->runRouteWithinStack(Object(Illuminate\Routing\Route), Object(Illuminate\Http\Request))
#16 C:\tasks\tasks\vendor\laravel\framework\src\Illuminate\Routing\Router.php(498): Illuminate\Routing\Router->dispatchToRoute(Object(Illuminate\Http\Request))
#17 C:\tasks\tasks\vendor\laravel\framework\src\Illuminate\Foundation\Http\Kernel.php(174): Illuminate\Routing\Router->dispatch(Object(Illuminate\Http\Request))
#18 C:\tasks\tasks\vendor\laravel\framework\src\Illuminate\Routing\Pipeline.php(30): Illuminate\Foundation\Http\Kernel->Illuminate\Foundation\Http\{closure}(Object(Illuminate\Http\Request))
#19 C:\tasks\tasks\vendor\laravel\framework\src\Illuminate\Foundation\Http\Middleware\TransformsRequest.php(30): Illuminate\Routing\Pipeline->Illuminate\Routing\{closure}(Object(Illuminate\Http\Request))
#20 C:\tasks\tasks\vendor\laravel\framework\src\Illuminate\Pipeline\Pipeline.php(148): Illuminate\Foundation\Http\Middleware\TransformsRequest->handle(Object(Illuminate\Http\Request), Object(Closure))
#21 C:\tasks\tasks\vendor\laravel\framework\src\Illuminate\Routing\Pipeline.php(53): Illuminate\Pipeline\Pipeline->Illuminate\Pipeline\{closure}(Object(Illuminate\Http\Request))
#22 C:\tasks\tasks\vendor\laravel\framework\src\Illuminate\Foundation\Http\Middleware\TransformsRequest.php(30): Illuminate\Routing\Pipeline->Illuminate\Routing\{closure}(Object(Illuminate\Http\Request))
#23 C:\tasks\tasks\vendor\laravel\framework\src\Illuminate\Pipeline\Pipeline.php(148): Illuminate\Foundation\Http\Middleware\TransformsRequest->handle(Object(Illuminate\Http\Request), Object(Closure))
#24 C:\tasks\tasks\vendor\laravel\framework\src\Illuminate\Routing\Pipeline.php(53): Illuminate\Pipeline\Pipeline->Illuminate\Pipeline\{closure}(Object(Illuminate\Http\Request))
#25 C:\tasks\tasks\vendor\laravel\framework\src\Illuminate\Foundation\Http\Middleware\ValidatePostSize.php(27): Illuminate\Routing\Pipeline->Illuminate\Routing\{closure}(Object(Illuminate\Http\Request))
#26 C:\tasks\tasks\vendor\laravel\framework\src\Illuminate\Pipeline\Pipeline.php(148): Illuminate\Foundation\Http\Middleware\ValidatePostSize->handle(Object(Illuminate\Http\Request), Object(Closure))
#27 C:\tasks\tasks\vendor\laravel\framework\src\Illuminate\Routing\Pipeline.php(53): Illuminate\Pipeline\Pipeline->Illuminate\Pipeline\{closure}(Object(Illuminate\Http\Request))
#28 C:\tasks\tasks\vendor\laravel\framework\src\Illuminate\Foundation\Http\Middleware\CheckForMaintenanceMode.php(46): Illuminate\Routing\Pipeline->Illuminate\Routing\{closure}(Object(Illuminate\Http\Request))
#29 C:\tasks\tasks\vendor\laravel\framework\src\Illuminate\Pipeline\Pipeline.php(148): Illuminate\Foundation\Http\Middleware\CheckForMaintenanceMode->handle(Object(Illuminate\Http\Request), Object(Closure))
#30 C:\tasks\tasks\vendor\laravel\framework\src\Illuminate\Routing\Pipeline.php(53): Illuminate\Pipeline\Pipeline->Illuminate\Pipeline\{closure}(Object(Illuminate\Http\Request))
#31 C:\tasks\tasks\vendor\laravel\framework\src\Illuminate\Pipeline\Pipeline.php(102): Illuminate\Routing\Pipeline->Illuminate\Routing\{closure}(Object(Illuminate\Http\Request))
#32 C:\tasks\tasks\vendor\laravel\framework\src\Illuminate\Foundation\Http\Kernel.php(149): Illuminate\Pipeline\Pipeline->then(Object(Closure))
#33 C:\tasks\tasks\vendor\laravel\framework\src\Illuminate\Foundation\Http\Kernel.php(116): Illuminate\Foundation\Http\Kernel->sendRequestThroughRouter(Object(Illuminate\Http\Request))
#34 C:\tasks\tasks\public\index.php(53): Illuminate\Foundation\Http\Kernel->handle(Object(Illuminate\Http\Request))
#35 C:\tasks\tasks\server.php(21): require_once('C:\\tasks\\tasks\\...')
#36 {main}  
[2017-05-08 10:45:50] production.ERROR: RuntimeException: The only supported ciphers are AES-128-CBC and AES-256-CBC with the correct key lengths. in C:\tasks\tasks\vendor\laravel\framework\src\Illuminate\Encryption\Encrypter.php:43
Stack trace:
#0 C:\tasks\tasks\vendor\laravel\framework\src\Illuminate\Encryption\EncryptionServiceProvider.php(27): Illuminate\Encryption\Encrypter->__construct('', 'AES-256-CBC')
#1 C:\tasks\tasks\vendor\laravel\framework\src\Illuminate\Container\Container.php(716): Illuminate\Encryption\EncryptionServiceProvider->Illuminate\Encryption\{closure}(Object(Illuminate\Foundation\Application), Array)
#2 C:\tasks\tasks\vendor\laravel\framework\src\Illuminate\Container\Container.php(598): Illuminate\Container\Container->build(Object(Closure))
#3 C:\tasks\tasks\vendor\laravel\framework\src\Illuminate\Container\Container.php(567): Illuminate\Container\Container->resolve('encrypter')
#4 C:\tasks\tasks\vendor\laravel\framework\src\Illuminate\Foundation\Application.php(708): Illuminate\Container\Container->make('encrypter')
#5 C:\tasks\tasks\vendor\laravel\framework\src\Illuminate\Container\Container.php(840): Illuminate\Foundation\Application->make('encrypter')
#6 C:\tasks\tasks\vendor\laravel\framework\src\Illuminate\Container\Container.php(780): Illuminate\Container\Container->resolveClass(Object(ReflectionParameter))
#7 C:\tasks\tasks\vendor\laravel\framework\src\Illuminate\Container\Container.php(746): Illuminate\Container\Container->resolveDependencies(Array)
#8 C:\tasks\tasks\vendor\laravel\framework\src\Illuminate\Container\Container.php(598): Illuminate\Container\Container->build('App\\Http\\Middle...')
#9 C:\tasks\tasks\vendor\laravel\framework\src\Illuminate\Container\Container.php(567): Illuminate\Container\Container->resolve('App\\Http\\Middle...')
#10 C:\tasks\tasks\vendor\laravel\framework\src\Illuminate\Foundation\Application.php(708): Illuminate\Container\Container->make('App\\Http\\Middle...')
#11 C:\tasks\tasks\vendor\laravel\framework\src\Illuminate\Foundation\Http\Kernel.php(213): Illuminate\Foundation\Application->make('App\\Http\\Middle...')
#12 C:\tasks\tasks\vendor\laravel\framework\src\Illuminate\Foundation\Http\Kernel.php(187): Illuminate\Foundation\Http\Kernel->terminateMiddleware(Object(Illuminate\Http\Request), Object(Illuminate\Http\Response))
#13 C:\tasks\tasks\public\index.php(58): Illuminate\Foundation\Http\Kernel->terminate(Object(Illuminate\Http\Request), Object(Illuminate\Http\Response))
#14 C:\tasks\tasks\server.php(21): require_once('C:\\tasks\\tasks\\...')
#15 {main}  
[2017-05-08 10:46:03] production.ERROR: RuntimeException: The only supported ciphers are AES-128-CBC and AES-256-CBC with the correct key lengths. in C:\tasks\tasks\vendor\laravel\framework\src\Illuminate\Encryption\Encrypter.php:43
Stack trace:
#0 C:\tasks\tasks\vendor\laravel\framework\src\Illuminate\Encryption\EncryptionServiceProvider.php(27): Illuminate\Encryption\Encrypter->__construct('', 'AES-256-CBC')
#1 C:\tasks\tasks\vendor\laravel\framework\src\Illuminate\Container\Container.php(716): Illuminate\Encryption\EncryptionServiceProvider->Illuminate\Encryption\{closure}(Object(Illuminate\Foundation\Application), Array)
#2 C:\tasks\tasks\vendor\laravel\framework\src\Illuminate\Container\Container.php(598): Illuminate\Container\Container->build(Object(Closure))
#3 C:\tasks\tasks\vendor\laravel\framework\src\Illuminate\Container\Container.php(567): Illuminate\Container\Container->resolve('encrypter')
#4 C:\tasks\tasks\vendor\laravel\framework\src\Illuminate\Foundation\Application.php(708): Illuminate\Container\Container->make('encrypter')
#5 C:\tasks\tasks\vendor\laravel\framework\src\Illuminate\Container\Container.php(840): Illuminate\Foundation\Application->make('encrypter')
#6 C:\tasks\tasks\vendor\laravel\framework\src\Illuminate\Container\Container.php(780): Illuminate\Container\Container->resolveClass(Object(ReflectionParameter))
#7 C:\tasks\tasks\vendor\laravel\framework\src\Illuminate\Container\Container.php(746): Illuminate\Container\Container->resolveDependencies(Array)
#8 C:\tasks\tasks\vendor\laravel\framework\src\Illuminate\Container\Container.php(598): Illuminate\Container\Container->build('App\\Http\\Middle...')
#9 C:\tasks\tasks\vendor\laravel\framework\src\Illuminate\Container\Container.php(567): Illuminate\Container\Container->resolve('App\\Http\\Middle...')
#10 C:\tasks\tasks\vendor\laravel\framework\src\Illuminate\Foundation\Application.php(708): Illuminate\Container\Container->make('App\\Http\\Middle...')
#11 C:\tasks\tasks\vendor\laravel\framework\src\Illuminate\Pipeline\Pipeline.php(138): Illuminate\Foundation\Application->make('App\\Http\\Middle...')
#12 C:\tasks\tasks\vendor\laravel\framework\src\Illuminate\Routing\Pipeline.php(53): Illuminate\Pipeline\Pipeline->Illuminate\Pipeline\{closure}(Object(Illuminate\Http\Request))
#13 C:\tasks\tasks\vendor\laravel\framework\src\Illuminate\Pipeline\Pipeline.php(102): Illuminate\Routing\Pipeline->Illuminate\Routing\{closure}(Object(Illuminate\Http\Request))
#14 C:\tasks\tasks\vendor\laravel\framework\src\Illuminate\Routing\Router.php(561): Illuminate\Pipeline\Pipeline->then(Object(Closure))
#15 C:\tasks\tasks\vendor\laravel\framework\src\Illuminate\Routing\Router.php(520): Illuminate\Routing\Router->runRouteWithinStack(Object(Illuminate\Routing\Route), Object(Illuminate\Http\Request))
#16 C:\tasks\tasks\vendor\laravel\framework\src\Illuminate\Routing\Router.php(498): Illuminate\Routing\Router->dispatchToRoute(Object(Illuminate\Http\Request))
#17 C:\tasks\tasks\vendor\laravel\framework\src\Illuminate\Foundation\Http\Kernel.php(174): Illuminate\Routing\Router->dispatch(Object(Illuminate\Http\Request))
#18 C:\tasks\tasks\vendor\laravel\framework\src\Illuminate\Routing\Pipeline.php(30): Illuminate\Foundation\Http\Kernel->Illuminate\Foundation\Http\{closure}(Object(Illuminate\Http\Request))
#19 C:\tasks\tasks\vendor\laravel\framework\src\Illuminate\Foundation\Http\Middleware\TransformsRequest.php(30): Illuminate\Routing\Pipeline->Illuminate\Routing\{closure}(Object(Illuminate\Http\Request))
#20 C:\tasks\tasks\vendor\laravel\framework\src\Illuminate\Pipeline\Pipeline.php(148): Illuminate\Foundation\Http\Middleware\TransformsRequest->handle(Object(Illuminate\Http\Request), Object(Closure))
#21 C:\tasks\tasks\vendor\laravel\framework\src\Illuminate\Routing\Pipeline.php(53): Illuminate\Pipeline\Pipeline->Illuminate\Pipeline\{closure}(Object(Illuminate\Http\Request))
#22 C:\tasks\tasks\vendor\laravel\framework\src\Illuminate\Foundation\Http\Middleware\TransformsRequest.php(30): Illuminate\Routing\Pipeline->Illuminate\Routing\{closure}(Object(Illuminate\Http\Request))
#23 C:\tasks\tasks\vendor\laravel\framework\src\Illuminate\Pipeline\Pipeline.php(148): Illuminate\Foundation\Http\Middleware\TransformsRequest->handle(Object(Illuminate\Http\Request), Object(Closure))
#24 C:\tasks\tasks\vendor\laravel\framework\src\Illuminate\Routing\Pipeline.php(53): Illuminate\Pipeline\Pipeline->Illuminate\Pipeline\{closure}(Object(Illuminate\Http\Request))
#25 C:\tasks\tasks\vendor\laravel\framework\src\Illuminate\Foundation\Http\Middleware\ValidatePostSize.php(27): Illuminate\Routing\Pipeline->Illuminate\Routing\{closure}(Object(Illuminate\Http\Request))
#26 C:\tasks\tasks\vendor\laravel\framework\src\Illuminate\Pipeline\Pipeline.php(148): Illuminate\Foundation\Http\Middleware\ValidatePostSize->handle(Object(Illuminate\Http\Request), Object(Closure))
#27 C:\tasks\tasks\vendor\laravel\framework\src\Illuminate\Routing\Pipeline.php(53): Illuminate\Pipeline\Pipeline->Illuminate\Pipeline\{closure}(Object(Illuminate\Http\Request))
#28 C:\tasks\tasks\vendor\laravel\framework\src\Illuminate\Foundation\Http\Middleware\CheckForMaintenanceMode.php(46): Illuminate\Routing\Pipeline->Illuminate\Routing\{closure}(Object(Illuminate\Http\Request))
#29 C:\tasks\tasks\vendor\laravel\framework\src\Illuminate\Pipeline\Pipeline.php(148): Illuminate\Foundation\Http\Middleware\CheckForMaintenanceMode->handle(Object(Illuminate\Http\Request), Object(Closure))
#30 C:\tasks\tasks\vendor\laravel\framework\src\Illuminate\Routing\Pipeline.php(53): Illuminate\Pipeline\Pipeline->Illuminate\Pipeline\{closure}(Object(Illuminate\Http\Request))
#31 C:\tasks\tasks\vendor\laravel\framework\src\Illuminate\Pipeline\Pipeline.php(102): Illuminate\Routing\Pipeline->Illuminate\Routing\{closure}(Object(Illuminate\Http\Request))
#32 C:\tasks\tasks\vendor\laravel\framework\src\Illuminate\Foundation\Http\Kernel.php(149): Illuminate\Pipeline\Pipeline->then(Object(Closure))
#33 C:\tasks\tasks\vendor\laravel\framework\src\Illuminate\Foundation\Http\Kernel.php(116): Illuminate\Foundation\Http\Kernel->sendRequestThroughRouter(Object(Illuminate\Http\Request))
#34 C:\tasks\tasks\public\index.php(53): Illuminate\Foundation\Http\Kernel->handle(Object(Illuminate\Http\Request))
#35 C:\tasks\tasks\server.php(21): require_once('C:\\tasks\\tasks\\...')
#36 {main}  
[2017-05-08 10:46:03] production.ERROR: RuntimeException: The only supported ciphers are AES-128-CBC and AES-256-CBC with the correct key lengths. in C:\tasks\tasks\vendor\laravel\framework\src\Illuminate\Encryption\Encrypter.php:43
Stack trace:
#0 C:\tasks\tasks\vendor\laravel\framework\src\Illuminate\Encryption\EncryptionServiceProvider.php(27): Illuminate\Encryption\Encrypter->__construct('', 'AES-256-CBC')
#1 C:\tasks\tasks\vendor\laravel\framework\src\Illuminate\Container\Container.php(716): Illuminate\Encryption\EncryptionServiceProvider->Illuminate\Encryption\{closure}(Object(Illuminate\Foundation\Application), Array)
#2 C:\tasks\tasks\vendor\laravel\framework\src\Illuminate\Container\Container.php(598): Illuminate\Container\Container->build(Object(Closure))
#3 C:\tasks\tasks\vendor\laravel\framework\src\Illuminate\Container\Container.php(567): Illuminate\Container\Container->resolve('encrypter')
#4 C:\tasks\tasks\vendor\laravel\framework\src\Illuminate\Foundation\Application.php(708): Illuminate\Container\Container->make('encrypter')
#5 C:\tasks\tasks\vendor\laravel\framework\src\Illuminate\Container\Container.php(840): Illuminate\Foundation\Application->make('encrypter')
#6 C:\tasks\tasks\vendor\laravel\framework\src\Illuminate\Container\Container.php(780): Illuminate\Container\Container->resolveClass(Object(ReflectionParameter))
#7 C:\tasks\tasks\vendor\laravel\framework\src\Illuminate\Container\Container.php(746): Illuminate\Container\Container->resolveDependencies(Array)
#8 C:\tasks\tasks\vendor\laravel\framework\src\Illuminate\Container\Container.php(598): Illuminate\Container\Container->build('App\\Http\\Middle...')
#9 C:\tasks\tasks\vendor\laravel\framework\src\Illuminate\Container\Container.php(567): Illuminate\Container\Container->resolve('App\\Http\\Middle...')
#10 C:\tasks\tasks\vendor\laravel\framework\src\Illuminate\Foundation\Application.php(708): Illuminate\Container\Container->make('App\\Http\\Middle...')
#11 C:\tasks\tasks\vendor\laravel\framework\src\Illuminate\Foundation\Http\Kernel.php(213): Illuminate\Foundation\Application->make('App\\Http\\Middle...')
#12 C:\tasks\tasks\vendor\laravel\framework\src\Illuminate\Foundation\Http\Kernel.php(187): Illuminate\Foundation\Http\Kernel->terminateMiddleware(Object(Illuminate\Http\Request), Object(Illuminate\Http\Response))
#13 C:\tasks\tasks\public\index.php(58): Illuminate\Foundation\Http\Kernel->terminate(Object(Illuminate\Http\Request), Object(Illuminate\Http\Response))
#14 C:\tasks\tasks\server.php(21): require_once('C:\\tasks\\tasks\\...')
#15 {main}  
[2017-05-08 10:46:15] production.ERROR: RuntimeException: The only supported ciphers are AES-128-CBC and AES-256-CBC with the correct key lengths. in C:\tasks\tasks\vendor\laravel\framework\src\Illuminate\Encryption\Encrypter.php:43
Stack trace:
#0 C:\tasks\tasks\vendor\laravel\framework\src\Illuminate\Encryption\EncryptionServiceProvider.php(27): Illuminate\Encryption\Encrypter->__construct('', 'AES-256-CBC')
#1 C:\tasks\tasks\vendor\laravel\framework\src\Illuminate\Container\Container.php(716): Illuminate\Encryption\EncryptionServiceProvider->Illuminate\Encryption\{closure}(Object(Illuminate\Foundation\Application), Array)
#2 C:\tasks\tasks\vendor\laravel\framework\src\Illuminate\Container\Container.php(598): Illuminate\Container\Container->build(Object(Closure))
#3 C:\tasks\tasks\vendor\laravel\framework\src\Illuminate\Container\Container.php(567): Illuminate\Container\Container->resolve('encrypter')
#4 C:\tasks\tasks\vendor\laravel\framework\src\Illuminate\Foundation\Application.php(708): Illuminate\Container\Container->make('encrypter')
#5 C:\tasks\tasks\vendor\laravel\framework\src\Illuminate\Container\Container.php(840): Illuminate\Foundation\Application->make('encrypter')
#6 C:\tasks\tasks\vendor\laravel\framework\src\Illuminate\Container\Container.php(780): Illuminate\Container\Container->resolveClass(Object(ReflectionParameter))
#7 C:\tasks\tasks\vendor\laravel\framework\src\Illuminate\Container\Container.php(746): Illuminate\Container\Container->resolveDependencies(Array)
#8 C:\tasks\tasks\vendor\laravel\framework\src\Illuminate\Container\Container.php(598): Illuminate\Container\Container->build('App\\Http\\Middle...')
#9 C:\tasks\tasks\vendor\laravel\framework\src\Illuminate\Container\Container.php(567): Illuminate\Container\Container->resolve('App\\Http\\Middle...')
#10 C:\tasks\tasks\vendor\laravel\framework\src\Illuminate\Foundation\Application.php(708): Illuminate\Container\Container->make('App\\Http\\Middle...')
#11 C:\tasks\tasks\vendor\laravel\framework\src\Illuminate\Pipeline\Pipeline.php(138): Illuminate\Foundation\Application->make('App\\Http\\Middle...')
#12 C:\tasks\tasks\vendor\laravel\framework\src\Illuminate\Routing\Pipeline.php(53): Illuminate\Pipeline\Pipeline->Illuminate\Pipeline\{closure}(Object(Illuminate\Http\Request))
#13 C:\tasks\tasks\vendor\laravel\framework\src\Illuminate\Pipeline\Pipeline.php(102): Illuminate\Routing\Pipeline->Illuminate\Routing\{closure}(Object(Illuminate\Http\Request))
#14 C:\tasks\tasks\vendor\laravel\framework\src\Illuminate\Routing\Router.php(561): Illuminate\Pipeline\Pipeline->then(Object(Closure))
#15 C:\tasks\tasks\vendor\laravel\framework\src\Illuminate\Routing\Router.php(520): Illuminate\Routing\Router->runRouteWithinStack(Object(Illuminate\Routing\Route), Object(Illuminate\Http\Request))
#16 C:\tasks\tasks\vendor\laravel\framework\src\Illuminate\Routing\Router.php(498): Illuminate\Routing\Router->dispatchToRoute(Object(Illuminate\Http\Request))
#17 C:\tasks\tasks\vendor\laravel\framework\src\Illuminate\Foundation\Http\Kernel.php(174): Illuminate\Routing\Router->dispatch(Object(Illuminate\Http\Request))
#18 C:\tasks\tasks\vendor\laravel\framework\src\Illuminate\Routing\Pipeline.php(30): Illuminate\Foundation\Http\Kernel->Illuminate\Foundation\Http\{closure}(Object(Illuminate\Http\Request))
#19 C:\tasks\tasks\vendor\laravel\framework\src\Illuminate\Foundation\Http\Middleware\TransformsRequest.php(30): Illuminate\Routing\Pipeline->Illuminate\Routing\{closure}(Object(Illuminate\Http\Request))
#20 C:\tasks\tasks\vendor\laravel\framework\src\Illuminate\Pipeline\Pipeline.php(148): Illuminate\Foundation\Http\Middleware\TransformsRequest->handle(Object(Illuminate\Http\Request), Object(Closure))
#21 C:\tasks\tasks\vendor\laravel\framework\src\Illuminate\Routing\Pipeline.php(53): Illuminate\Pipeline\Pipeline->Illuminate\Pipeline\{closure}(Object(Illuminate\Http\Request))
#22 C:\tasks\tasks\vendor\laravel\framework\src\Illuminate\Foundation\Http\Middleware\TransformsRequest.php(30): Illuminate\Routing\Pipeline->Illuminate\Routing\{closure}(Object(Illuminate\Http\Request))
#23 C:\tasks\tasks\vendor\laravel\framework\src\Illuminate\Pipeline\Pipeline.php(148): Illuminate\Foundation\Http\Middleware\TransformsRequest->handle(Object(Illuminate\Http\Request), Object(Closure))
#24 C:\tasks\tasks\vendor\laravel\framework\src\Illuminate\Routing\Pipeline.php(53): Illuminate\Pipeline\Pipeline->Illuminate\Pipeline\{closure}(Object(Illuminate\Http\Request))
#25 C:\tasks\tasks\vendor\laravel\framework\src\Illuminate\Foundation\Http\Middleware\ValidatePostSize.php(27): Illuminate\Routing\Pipeline->Illuminate\Routing\{closure}(Object(Illuminate\Http\Request))
#26 C:\tasks\tasks\vendor\laravel\framework\src\Illuminate\Pipeline\Pipeline.php(148): Illuminate\Foundation\Http\Middleware\ValidatePostSize->handle(Object(Illuminate\Http\Request), Object(Closure))
#27 C:\tasks\tasks\vendor\laravel\framework\src\Illuminate\Routing\Pipeline.php(53): Illuminate\Pipeline\Pipeline->Illuminate\Pipeline\{closure}(Object(Illuminate\Http\Request))
#28 C:\tasks\tasks\vendor\laravel\framework\src\Illuminate\Foundation\Http\Middleware\CheckForMaintenanceMode.php(46): Illuminate\Routing\Pipeline->Illuminate\Routing\{closure}(Object(Illuminate\Http\Request))
#29 C:\tasks\tasks\vendor\laravel\framework\src\Illuminate\Pipeline\Pipeline.php(148): Illuminate\Foundation\Http\Middleware\CheckForMaintenanceMode->handle(Object(Illuminate\Http\Request), Object(Closure))
#30 C:\tasks\tasks\vendor\laravel\framework\src\Illuminate\Routing\Pipeline.php(53): Illuminate\Pipeline\Pipeline->Illuminate\Pipeline\{closure}(Object(Illuminate\Http\Request))
#31 C:\tasks\tasks\vendor\laravel\framework\src\Illuminate\Pipeline\Pipeline.php(102): Illuminate\Routing\Pipeline->Illuminate\Routing\{closure}(Object(Illuminate\Http\Request))
#32 C:\tasks\tasks\vendor\laravel\framework\src\Illuminate\Foundation\Http\Kernel.php(149): Illuminate\Pipeline\Pipeline->then(Object(Closure))
#33 C:\tasks\tasks\vendor\laravel\framework\src\Illuminate\Foundation\Http\Kernel.php(116): Illuminate\Foundation\Http\Kernel->sendRequestThroughRouter(Object(Illuminate\Http\Request))
#34 C:\tasks\tasks\public\index.php(53): Illuminate\Foundation\Http\Kernel->handle(Object(Illuminate\Http\Request))
#35 C:\tasks\tasks\server.php(21): require_once('C:\\tasks\\tasks\\...')
#36 {main}  
[2017-05-08 10:46:15] production.ERROR: RuntimeException: The only supported ciphers are AES-128-CBC and AES-256-CBC with the correct key lengths. in C:\tasks\tasks\vendor\laravel\framework\src\Illuminate\Encryption\Encrypter.php:43
Stack trace:
#0 C:\tasks\tasks\vendor\laravel\framework\src\Illuminate\Encryption\EncryptionServiceProvider.php(27): Illuminate\Encryption\Encrypter->__construct('', 'AES-256-CBC')
#1 C:\tasks\tasks\vendor\laravel\framework\src\Illuminate\Container\Container.php(716): Illuminate\Encryption\EncryptionServiceProvider->Illuminate\Encryption\{closure}(Object(Illuminate\Foundation\Application), Array)
#2 C:\tasks\tasks\vendor\laravel\framework\src\Illuminate\Container\Container.php(598): Illuminate\Container\Container->build(Object(Closure))
#3 C:\tasks\tasks\vendor\laravel\framework\src\Illuminate\Container\Container.php(567): Illuminate\Container\Container->resolve('encrypter')
#4 C:\tasks\tasks\vendor\laravel\framework\src\Illuminate\Foundation\Application.php(708): Illuminate\Container\Container->make('encrypter')
#5 C:\tasks\tasks\vendor\laravel\framework\src\Illuminate\Container\Container.php(840): Illuminate\Foundation\Application->make('encrypter')
#6 C:\tasks\tasks\vendor\laravel\framework\src\Illuminate\Container\Container.php(780): Illuminate\Container\Container->resolveClass(Object(ReflectionParameter))
#7 C:\tasks\tasks\vendor\laravel\framework\src\Illuminate\Container\Container.php(746): Illuminate\Container\Container->resolveDependencies(Array)
#8 C:\tasks\tasks\vendor\laravel\framework\src\Illuminate\Container\Container.php(598): Illuminate\Container\Container->build('App\\Http\\Middle...')
#9 C:\tasks\tasks\vendor\laravel\framework\src\Illuminate\Container\Container.php(567): Illuminate\Container\Container->resolve('App\\Http\\Middle...')
#10 C:\tasks\tasks\vendor\laravel\framework\src\Illuminate\Foundation\Application.php(708): Illuminate\Container\Container->make('App\\Http\\Middle...')
#11 C:\tasks\tasks\vendor\laravel\framework\src\Illuminate\Foundation\Http\Kernel.php(213): Illuminate\Foundation\Application->make('App\\Http\\Middle...')
#12 C:\tasks\tasks\vendor\laravel\framework\src\Illuminate\Foundation\Http\Kernel.php(187): Illuminate\Foundation\Http\Kernel->terminateMiddleware(Object(Illuminate\Http\Request), Object(Illuminate\Http\Response))
#13 C:\tasks\tasks\public\index.php(58): Illuminate\Foundation\Http\Kernel->terminate(Object(Illuminate\Http\Request), Object(Illuminate\Http\Response))
#14 C:\tasks\tasks\server.php(21): require_once('C:\\tasks\\tasks\\...')
#15 {main}  
